2018-06-28 09:10:11 +0000 [MT] Initial pipeline context: <IDEDistributionProcessingPipelineContext: 0x7f999f83c2b0; archive(resolved)='<IDEArchive: 0x7f999f48a320>', distributionTask(resolved)='2', distributionMethod(resolved)='<IDEDistributionMethodiOSAppStoreExport: 0x7f999f581930>', team(resolved)='<IDEProvisioningBasicTeam 0x7f999f5d0dc0: teamID: 6EAH6G3F2S, teamName: (null)>'>
	Chain (11, self inclusive):
	<IDEDistributionProcessingPipelineContext: 0x7f999f83c2b0; archive = '<IDEArchive: 0x7f999f48a320>', distributionMethod='<IDEDistributionMethodiOSAppStoreExport: 0x7f999f581930>', team='<IDEProvisioningBasicTeam 0x7f999f5d0dc0: teamID: 6EAH6G3F2S, teamName: (null)>'>
	<IDEDistributionProcessingPipelineContext: 0x7f999f83a650; archive = '<IDEArchive: 0x7f999f48a320>', distributionMethod='<IDEDistributionMethodiOSAppStoreExport: 0x7f999f581930>', team='<IDEProvisioningBasicTeam 0x7f999f5d0dc0: teamID: 6EAH6G3F2S, teamName: (null)>'>
	<IDEDistributionContext: 0x7f999f4dda80; archive = '<IDEArchive: 0x7f999f48a320>', distributionMethod='<IDEDistributionMethodiOSAppStoreExport: 0x7f999f581930>', team='<IDEProvisioningBasicTeam 0x7f999f5d0dc0: teamID: 6EAH6G3F2S, teamName: (null)>'>
	<IDEDistributionContext: 0x7f999f80f4b0; archive = '<IDEArchive: 0x7f999f48a320>', distributionMethod='<IDEDistributionMethodiOSAppStoreExport: 0x7f999f581930>', team='<IDEProvisioningBasicTeam 0x7f999f5d0dc0: teamID: 6EAH6G3F2S, teamName: (null)>'>
	<IDEDistributionContext: 0x7f999f4db070; archive = '<IDEArchive: 0x7f999f48a320>', distributionMethod='<IDEDistributionMethodiOSAppStoreExport: 0x7f999f581930>', team='<IDEProvisioningBasicTeam 0x7f999f5d0dc0: teamID: 6EAH6G3F2S, teamName: (null)>'>
	<IDEDistributionContext: 0x7f999f4d90d0; archive = '<IDEArchive: 0x7f999f48a320>', distributionMethod='<IDEDistributionMethodiOSAppStoreExport: 0x7f999f581930>', team='<IDEProvisioningBasicTeam 0x7f999f5d0dc0: teamID: 6EAH6G3F2S, teamName: (null)>'>
	<IDEDistributionContext: 0x7f999f4c1b50; archive = '<IDEArchive: 0x7f999f48a320>', distributionMethod='<IDEDistributionMethodiOSAppStoreExport: 0x7f999f581930>', team='<IDEProvisioningBasicTeam 0x7f999f5d0dc0: teamID: 6EAH6G3F2S, teamName: (null)>'>
	<IDEDistributionContext: 0x7f999f4c32c0; archive = '<IDEArchive: 0x7f999f48a320>', distributionMethod='<IDEDistributionMethodiOSAppStoreExport: 0x7f999f581930>', team='<IDEProvisioningBasicTeam 0x7f999f5d0dc0: teamID: 6EAH6G3F2S, teamName: (null)>'>
	<IDEDistributionContext: 0x7f999f5c5c50; archive = '<IDEArchive: 0x7f999f48a320>', distributionMethod='<IDEDistributionMethodiOSAppStoreExport: 0x7f999f581930>', team='<IDEProvisioningBasicTeam 0x7f999f5d0dc0: teamID: 6EAH6G3F2S, teamName: (null)>'>
	<IDEDistributionContext: 0x7f999f630170; archive = '<IDEArchive: 0x7f999f48a320>', distributionMethod='<IDEDistributionMethodiOSAppStoreExport: 0x7f999f581930>', team='(null)'>
	<IDEDistributionContext: 0x7f999f48af00; archive = '<IDEArchive: 0x7f999f48a320>', distributionMethod='(null)', team='(null)'>
</IDEDistributionProcessingPipelineContext: 0x7f999f83c2b0>
2018-06-28 09:10:11 +0000 [MT] Processing step: IDEDistributionCreateDestRootStep
2018-06-28 09:10:11 +0000 [MT] Processing step: IDEDistributionCopyItemStep
2018-06-28 09:10:11 +0000 [MT] Running /usr/bin/ditto '-V' '/Users/nick/Documents/newpath/ReTacToe/ios/build/ReTacToe.xcarchive/Products/Applications/ReTacToe.app' '/var/folders/0j/wvg9g8h52nxdmfk_l5w3gv740000gp/T/XcodeDistPipeline.WHY/Root/Payload/ReTacToe.app'
2018-06-28 09:10:11 +0000  >>> Copying /Users/nick/Documents/newpath/ReTacToe/ios/build/ReTacToe.xcarchive/Products/Applications/ReTacToe.app 
2018-06-28 09:10:11 +0000  copying file ./_CodeSignature/CodeResources ... 
2018-06-28 09:10:11 +0000  4677 bytes for ./_CodeSignature/CodeResources
2018-06-28 09:10:11 +0000  copying file ./ReTacToe ... 
2018-06-28 09:10:11 +0000  14966304 bytes for ./ReTacToe
copying file ./AppIcon60x60@2x.png ... 
2018-06-28 09:10:11 +0000  22289 bytes for ./AppIcon60x60@2x.png
copying file ./AppIcon60x60@3x.png ... 
41387 bytes for ./AppIcon60x60@3x.png
copying file ./Base.lproj/LaunchScreen.nib ... 
3089 bytes for ./Base.lproj/LaunchScreen.nib
copying file ./archived-expanded-entitlements.xcent ... 
384 bytes for ./archived-expanded-entitlements.xcent
copying file ./Assets.car ... 
2018-06-28 09:10:11 +0000  84056 bytes for ./Assets.car
copying file ./main.jsbundle.meta ... 
2018-06-28 09:10:11 +0000  21 bytes for ./main.jsbundle.meta
copying file ./main.jsbundle ... 
2018-06-28 09:10:11 +0000  547133 bytes for ./main.jsbundle
2018-06-28 09:10:11 +0000  copying file ./embedded.mobileprovision ... 
7545 bytes for ./embedded.mobileprovision
copying file ./Info.plist ... 
2018-06-28 09:10:11 +0000  1452 bytes for ./Info.plist
copying file ./PkgInfo ... 
2018-06-28 09:10:11 +0000  8 bytes for ./PkgInfo
2018-06-28 09:10:11 +0000  2018-06-28 09:10:11 +0000  

2018-06-28 09:10:11 +0000 [MT] /usr/bin/ditto exited with 0
2018-06-28 09:10:11 +0000  2018-06-28 09:10:11 +0000  

2018-06-28 09:10:11 +0000 [MT] Processing step: IDEDistributionEmbedProfileStep
2018-06-28 09:10:11 +0000 [MT] Processing step: IDEDistributionItemRemovalStep
2018-06-28 09:10:11 +0000 [MT] Processing step: IDEDistributionAppThinningPlistStep
2018-06-28 09:10:11 +0000 [MT] Skipping step: IDEDistributionAppThinningPlistStep because it said so
2018-06-28 09:10:11 +0000 [MT] Processing step: IDEDistributionCompileBitcodeStep
2018-06-28 09:10:11 +0000 [MT] Skipping step: IDEDistributionCompileBitcodeStep because it said so
2018-06-28 09:10:11 +0000 [MT] Processing step: IDEDistributionCodeSlimmingStep
2018-06-28 09:10:11 +0000 [MT] Processing step: IDEDistributionCopyBCSymbolMapsStep
2018-06-28 09:10:11 +0000 [MT] Running /usr/bin/ditto '-V' '/Users/nick/Documents/newpath/ReTacToe/ios/build/ReTacToe.xcarchive/BCSymbolMaps/A505FE55-1B3B-38F8-A274-06060F875ABE.bcsymbolmap' '/var/folders/0j/wvg9g8h52nxdmfk_l5w3gv740000gp/T/XcodeDistPipeline.WHY/Root/BCSymbolMaps/A505FE55-1B3B-38F8-A274-06060F875ABE.bcsymbolmap'
2018-06-28 09:10:11 +0000  >>> Copying /Users/nick/Documents/newpath/ReTacToe/ios/build/ReTacToe.xcarchive/BCSymbolMaps/A505FE55-1B3B-38F8-A274-06060F875ABE.bcsymbolmap 
2018-06-28 09:10:11 +0000  copying file ./A505FE55-1B3B-38F8-A274-06060F875ABE.bcsymbolmap ... 
2018-06-28 09:10:11 +0000  363547 bytes for ./A505FE55-1B3B-38F8-A274-06060F875ABE.bcsymbolmap
2018-06-28 09:10:11 +0000  
2018-06-28 09:10:11 +0000  
2018-06-28 09:10:11 +0000 [MT] /usr/bin/ditto exited with 02018-06-28 09:10:11 +0000  
2018-06-28 09:10:11 +0000  

2018-06-28 09:10:11 +0000 [MT] Running /usr/bin/ditto '-V' '/Users/nick/Documents/newpath/ReTacToe/ios/build/ReTacToe.xcarchive/BCSymbolMaps/61D2767B-E8AB-35ED-A52B-979BA4708D51.bcsymbolmap' '/var/folders/0j/wvg9g8h52nxdmfk_l5w3gv740000gp/T/XcodeDistPipeline.WHY/Root/BCSymbolMaps/61D2767B-E8AB-35ED-A52B-979BA4708D51.bcsymbolmap'
2018-06-28 09:10:11 +0000  >>> Copying /Users/nick/Documents/newpath/ReTacToe/ios/build/ReTacToe.xcarchive/BCSymbolMaps/61D2767B-E8AB-35ED-A52B-979BA4708D51.bcsymbolmap 
2018-06-28 09:10:11 +0000  copying file ./61D2767B-E8AB-35ED-A52B-979BA4708D51.bcsymbolmap ... 
2018-06-28 09:10:11 +0000  360390 bytes for ./61D2767B-E8AB-35ED-A52B-979BA4708D51.bcsymbolmap
2018-06-28 09:10:11 +0000  
2018-06-28 09:10:11 +0000  2018-06-28 09:10:11 +0000 [MT] /usr/bin/ditto exited with 0

2018-06-28 09:10:11 +0000  2018-06-28 09:10:11 +0000  

2018-06-28 09:10:11 +0000 [MT] Processing step: IDEDistributionSymbolsStep
2018-06-28 09:10:11 +0000 [MT] Excluding symbols for ReTacToe.app
2018-06-28 09:10:11 +0000 [MT] Processing step: IDEDistributionCopyAppleProvidedContentStep
2018-06-28 09:10:11 +0000 [MT] Processing step: IDEDistributionAppThinningStep
2018-06-28 09:10:11 +0000 [MT] Skipping step: IDEDistributionAppThinningStep because it said so
2018-06-28 09:10:11 +0000 [MT] Processing step: IDEDistributionODRStep
2018-06-28 09:10:11 +0000 [MT] Processing step: IDEDistributionStripXattrsStep
2018-06-28 09:10:11 +0000 [MT] Running /usr/bin/xattr '-crs' '/var/folders/0j/wvg9g8h52nxdmfk_l5w3gv740000gp/T/XcodeDistPipeline.WHY/Root/Payload/ReTacToe.app'
2018-06-28 09:10:12 +0000  2018-06-28 09:10:12 +0000  

2018-06-28 09:10:12 +0000 [MT] /usr/bin/xattr exited with 02018-06-28 09:10:12 +0000  
2018-06-28 09:10:12 +0000  

2018-06-28 09:10:12 +0000 [MT] Processing step: IDEDistributionCodesignStep
2018-06-28 09:10:12 +0000 [MT] Applying entitlements delta for <IDEDistributionItem: 0x7f999f5f0a10 'com.compal.CodePushTest' '<DVTFilePath:0x7f999f48ab50:'/Users/nick/Documents/newpath/ReTacToe/ios/build/ReTacToe.xcarchive/Products/Applications/ReTacToe.app'>'> from <IDEiCloudEntitlementsProcessor: 0x7f999f4d9aa0>: {
}
2018-06-28 09:10:12 +0000 [MT] Entitlements for <IDEDistributionItem: 0x7f999f5f0a10 'com.compal.CodePushTest' '<DVTFilePath:0x7f999f48ab50:'/Users/nick/Documents/newpath/ReTacToe/ios/build/ReTacToe.xcarchive/Products/Applications/ReTacToe.app'>'>: {
    "application-identifier" = "6EAH6G3F2S.com.compal.CodePushTest";
    "beta-reports-active" = 1;
    "com.apple.developer.team-identifier" = 6EAH6G3F2S;
    "get-task-allow" = 0;
    "keychain-access-groups" =     (
        "6EAH6G3F2S.com.compal.CodePushTest"
    );
}
2018-06-28 09:10:12 +0000 [MT] Writing entitlements for <IDEDistributionItem: 0x7f999f5f0a10 'com.compal.CodePushTest' '<DVTFilePath:0x7f999f48ab50:'/Users/nick/Documents/newpath/ReTacToe/ios/build/ReTacToe.xcarchive/Products/Applications/ReTacToe.app'>'> to: /var/folders/0j/wvg9g8h52nxdmfk_l5w3gv740000gp/T/XcodeDistPipeline.WHY/entitlementsVvrvPy
2018-06-28 09:10:12 +0000 [MT] Running /usr/bin/codesign '-vvv' '--force' '--sign' 'CFB66075F0FAA5992A5F1B8717D0216965E1BA85' '--preserve-metadata=identifier,flags' '--entitlements' '/var/folders/0j/wvg9g8h52nxdmfk_l5w3gv740000gp/T/XcodeDistPipeline.WHY/entitlementsVvrvPy' '/var/folders/0j/wvg9g8h52nxdmfk_l5w3gv740000gp/T/XcodeDistPipeline.WHY/Root/Payload/ReTacToe.app'
2018-06-28 09:10:12 +0000  /var/folders/0j/wvg9g8h52nxdmfk_l5w3gv740000gp/T/XcodeDistPipeline.WHY/Root/Payload/ReTacToe.app: signed app bundle with Mach-O universal (armv7 arm64) [com.compal.CodePushTest]
2018-06-28 09:10:12 +0000  2018-06-28 09:10:12 +0000  

2018-06-28 09:10:12 +0000  
2018-06-28 09:10:12 +0000  
2018-06-28 09:10:12 +0000  
2018-06-28 09:10:12 +0000  
2018-06-28 09:10:12 +0000  
2018-06-28 09:10:12 +0000  
2018-06-28 09:10:12 +0000  
2018-06-28 09:10:12 +0000 [MT] /usr/bin/codesign exited with 0
2018-06-28 09:10:12 +0000  2018-06-28 09:10:12 +0000  

2018-06-28 09:10:12 +0000 [MT] Processing step: IDEDistributionStreamingZipItemStep
2018-06-28 09:10:12 +0000 [MT] Skipping step: IDEDistributionStreamingZipItemStep because it said so
2018-06-28 09:10:12 +0000 [MT] Processing step: IDEDistributionCreateIPAStep
2018-06-28 09:10:12 +0000 [MT] Running /usr/bin/ditto '-V' '-c' '-k' '--norsrc' '/var/folders/0j/wvg9g8h52nxdmfk_l5w3gv740000gp/T/XcodeDistPipeline.WHY/Root' '/var/folders/0j/wvg9g8h52nxdmfk_l5w3gv740000gp/T/XcodeDistPipeline.WHY/Packages/ReTacToe.ipa'
2018-06-28 09:10:12 +0000  >>> Copying /var/folders/0j/wvg9g8h52nxdmfk_l5w3gv740000gp/T/XcodeDistPipeline.WHY/Root 
2018-06-28 09:10:12 +0000  copying file ./BCSymbolMaps/61D2767B-E8AB-35ED-A52B-979BA4708D51.bcsymbolmap ... 
2018-06-28 09:10:12 +0000  360390 bytes for ./BCSymbolMaps/61D2767B-E8AB-35ED-A52B-979BA4708D51.bcsymbolmap
copying file ./BCSymbolMaps/A505FE55-1B3B-38F8-A274-06060F875ABE.bcsymbolmap ... 
2018-06-28 09:10:12 +0000  363547 bytes for ./BCSymbolMaps/A505FE55-1B3B-38F8-A274-06060F875ABE.bcsymbolmap
2018-06-28 09:10:12 +0000  copying file ./Payload/ReTacToe.app/_CodeSignature/CodeResources ... 
2018-06-28 09:10:12 +0000  4677 bytes for ./Payload/ReTacToe.app/_CodeSignature/CodeResources
2018-06-28 09:10:12 +0000  copying file ./Payload/ReTacToe.app/ReTacToe ... 
2018-06-28 09:10:13 +0000  12223392 bytes for ./Payload/ReTacToe.app/ReTacToe
copying file ./Payload/ReTacToe.app/AppIcon60x60@2x.png ... 
2018-06-28 09:10:13 +0000  22289 bytes for ./Payload/ReTacToe.app/AppIcon60x60@2x.png
copying file ./Payload/ReTacToe.app/AppIcon60x60@3x.png ... 
2018-06-28 09:10:13 +0000  41387 bytes for ./Payload/ReTacToe.app/AppIcon60x60@3x.png
2018-06-28 09:10:13 +0000  copying file ./Payload/ReTacToe.app/Base.lproj/LaunchScreen.nib ... 
2018-06-28 09:10:13 +0000  3089 bytes for ./Payload/ReTacToe.app/Base.lproj/LaunchScreen.nib
2018-06-28 09:10:13 +0000  copying file ./Payload/ReTacToe.app/archived-expanded-entitlements.xcent ... 
2018-06-28 09:10:13 +0000  384 bytes for ./Payload/ReTacToe.app/archived-expanded-entitlements.xcent
copying file ./Payload/ReTacToe.app/Assets.car ... 
2018-06-28 09:10:13 +0000  84056 bytes for ./Payload/ReTacToe.app/Assets.car
copying file ./Payload/ReTacToe.app/main.jsbundle.meta ... 
2018-06-28 09:10:13 +0000  21 bytes for ./Payload/ReTacToe.app/main.jsbundle.meta
copying file ./Payload/ReTacToe.app/main.jsbundle ... 
2018-06-28 09:10:13 +0000  547133 bytes for ./Payload/ReTacToe.app/main.jsbundle
copying file ./Payload/ReTacToe.app/embedded.mobileprovision ... 
2018-06-28 09:10:13 +0000  7545 bytes for ./Payload/ReTacToe.app/embedded.mobileprovision
copying file ./Payload/ReTacToe.app/Info.plist ... 
2018-06-28 09:10:13 +0000  1452 bytes for ./Payload/ReTacToe.app/Info.plist
copying file ./Payload/ReTacToe.app/PkgInfo ... 
2018-06-28 09:10:13 +0000  8 bytes for ./Payload/ReTacToe.app/PkgInfo
2018-06-28 09:10:13 +0000  
2018-06-28 09:10:13 +0000  2018-06-28 09:10:13 +0000 [MT] /usr/bin/ditto exited with 0

2018-06-28 09:10:13 +0000  
2018-06-28 09:10:13 +0000  2018-06-28 09:10:13 +0000 [MT] Processing step: IDEDistributionCreateManifestStep

2018-06-28 09:10:13 +0000 [MT] Skipping step: IDEDistributionCreateManifestStep because it said so
